           _________________________________________________________
          |                                                         |
          |       _/_/_/_/                                          |
          |      _/      _/                  _/_/_/_/_/_/           |
          |     _/      _/  _/      _/   _/      _/      _/_/_/_/_/ |
          |    _/_/_/_/    _/      _/   _/      _/      _/          |
          |   _/          _/_/_/_/_/   _/      _/       _/_/_/_/    |
          |  _/          _/      _/   _/      _/              _/    |
          | _/          _/      _/   _/      _/      _/_/_/_/_/     |
          |                                                         |
          |                                                         |
          |       Particle and Heavy Ion Transport code System      |
          |                      Version =  3.020                   |
          |                       developed by                      |
          |                                                         |
          |                     Koji NIITA (RIST),                  |
          |                                                         |
          |  Tatsuhiko SATO, Yosuke IWAMOTO, Shintaro HASHIMOTO,    |
          |    Tatsuhiko OGAWA, Takuya FURUTA, Shinichiro ABE,      |
          |   Takeshi KAI, Norihiro MATSUDA, Hiroshi NAKASHIMA,     |
          |  Tokio FUKAHORI, Keisuke OKUMURA, Tetsuya KAI (JAEA),   |
          |                                                         |
          |                    Hiroshi IWASE (KEK),                 |
          |                                                         |
          |       Satoshi CHIBA (Tokyo Institute of Technology),    |
          |                                                         |
          |           Nobuhiro SHIGYO (Kyushu University), and      |
          |                                                         |
          |        Lembit SIHVER (Technische Universitat Wien)      |
          |                                                         |
          |                 Last Revised  2017-11-22                |
          |_________________________________________________________|
          |                                                         |
          |             This is a Parallel Version by MPI           |
          |         Number of Executable PE is ( Total - 1 )        |
          |                                                         |
          |                    Total PE =  50                       |
          |_________________________________________________________|

         _____________________ [ Job Title ] ____________________ 
        |                                                        |
        |  Voxel phantom automatically generated by dicom2phits  |
        |________________________________________________________|

                        Starting Date = 2020-04-29
                        Starting Time = 20h 31m 32

>>> Input Echo >>>=============================================================

[ T i t l e ]
Voxel phantom automatically generated by dicom2phits

[ P a r a m e t e r s ]
 icntl    =           0     # (D=0) 3:ECH 5:NOR 6:SRC 7,8:GSH 11:DSH 12:DUMP
 maxcas   =     4000000     # (D=10) number of particles per one batch
 maxbch   =          49     # (D=10) number of batches
 emin(2)  = 1.000000000E-10 # (D=1.0) cut-off energy of neutron (MeV)
 emin(12) = 1.000000000E-03 # (D=1.d9) cut-off energy of electron (MeV)
 emin(13) = 1.000000000E-03 # (D=1.d9) cut-off energy of positron (MeV)
 emin(14) = 1.000000000E-03 # (D=1.d9) cut-off energy of photon (MeV)
 dmax(2)  =  10.0000000     # (D=emin(2)) data max. energy of neutron (MeV)
 dmax(12) =  10.0000000     # (D=emin(12)) data max. energy of electron (MeV)
 dmax(13) =  10.0000000     # (D=emin(13)) data max. energy of positron (MeV)
 dmax(14) =  10.0000000     # (D=emin(14)) data max. energy of photon (MeV)
 negs     =          -1     # (D=-1) =-1:original, =0:No, =1:EGS
 nucdata  =           1     # (D=1) 0: do not use, 1: use normal nuclear data
 igamma   =           2     # (D=2) 0:No, 1:Old, 2:EBITEM, 3:EBITEM+Isomer
 ipnint   =           1     # (D=0) 0: no, 1: consider photo-nuclear reaction
 e-mode   =           2     # (D=0) 0: Normal, 1: Event generator mode Ver.1, 2: Ver.2
 isaba    =           0     # (D=0) S(a,b) angular dis. option
 nedisp   =           1     # (D=0) 0: no, 1: with e straggling, 10: ATIMA
 irlet    =           0     # (D=1) 0: conventional mode, 1: restricted LET mode
 istdev   =          -2     # (D=0) 0:Auto, 1,2:Batch or History variance, <0:Restart mode
 ivoxel   =           1     # (D=0) voxel data is read(=1)/write(=2) on binary
 file(1)  = /home/users/lsm/hdd1/phits # (D=c:/phits) PHITS install folder name
 file(6)  = phits.out       # (D=phits.out) general output file name
 file(7)  = /home/users/lsm/hdd1/phits/data/xsdir.jnd # (D=c:/phits/data/xsdir.jnd) nuclear data input file name
 file(18) = voxel.bin       # (D=voxel.bin) binary voxel data
 file(20) = /home/users/lsm/hdd1/phits/XS/egs/ # (D=c:/phits/XS/egs) EGS library data folder name
 file(21) = /home/users/lsm/hdd1/phits/dchain-sp/data/ # (D=c:/phits/dchain-sp/data) dchain data folder name
 file(22) = batch.out       # (D=c:/phits/dchain-sp/data) dchain data folder name
 file(24) = /home/users/lsm/hdd1/phits/data # (D=c:/phits/data) DECDC2 data folder name
 file(25) = /home/users/lsm/hdd1/phits/XS/tra # (D=c:/phits/XS/tra) TS data folder name

[ S o u r c e ]
  totfact =   1.0000        # (D=1.0) global factor
   s-type =   2             # rectangular-solid source
     proj =  neutron        # kind of incident particle         
       x0 =  -5.0465        # minimum position of x-axis [cm]
       x1 =   4.9535        # maximum position of x-axis [cm]
       y0 =   6.4535        # minimum position of y-axis [cm]
       y1 =   11.454        # maximum position of y-axis [cm]
       z0 =   9.1500        # minimum position of z-axis [cm]
       z1 =   9.1500        # maximum position of z-axis [cm]
      dir =  -1.0000        # z-direction of beam [cosine]
   e-type =   1             # energy distribution given by data
       ne =   20            # number of energy and weight
                            # ne>0: lin, ne<0: log interpolation
 #  data = ( e(i), w(i), i = 1, ne ), emax
  1.00000E-09  0.00000E+00  3.16000E-09  0.00000E+00  1.00000E-08  2.25222E-03
  3.16000E-08  6.48274E-03  1.00000E-07  1.98692E-02  3.16000E-07  4.42429E-02
  1.00000E-06  8.41893E-02  3.16000E-06  1.24349E-01  1.00000E-05  1.49357E-01
  3.16000E-05  1.63803E-01  1.00000E-04  1.47809E-01  3.16228E-04  1.13073E-01
  1.00000E-03  8.57415E-02  3.16228E-03  3.90334E-02  1.00000E-02  1.45836E-02
  3.16228E-02  3.45442E-03  1.00000E-01  1.05509E-03  3.16228E-01  7.05086E-04
  1.00000E+00  0.00000E+00  3.16228E+00  0.00000E+00  1.00000E+01

[ M a t e r i a l ]
MAT[ 5001 ] 
          14N        -7.5500000E+01
          16O        -2.3200000E+01
         40Ar        -1.3000000E+00
MAT[ 5002 ] 
           1H        -1.0699839E+01
          10B.50c    -1.5000000E-03
            C        -1.4499783E+01
          14N        -2.1999670E+00
          16O        -7.1198932E+01
         23Na        -1.9999700E-01
          31P        -3.9999400E-01
            S        -1.9999700E-01
           Cl        -2.9999500E-01
            K        -2.9999550E-01
MAT[ 5003 ] 
           1H        -4.9999250E+00
          10B.50c    -1.5000000E-03
            C        -2.1199682E+01
          14N        -3.9999400E+00
          16O        -4.3499347E+01
         23Na        -9.9998500E-02
           Mg        -1.9999700E-01
          31P        -8.0998785E+00
            S        -2.9999550E-01
           Ca        -1.7599736E+01

[ C e l l ]
 5001    5001 -1.2100000E-03  -99  u=5001 
 5002    5002 -1.0940000E+00  -99  u=5002 
 5003    5003 -1.9350000E+00  -99  u=5003 
 5000       0                 -5000  lat=1  u=5000  fill=0:127 0:127
                              0:54
 97         0                 -97  trcl=500  fill=5000
 98         0                 -99 98 
 99        -1                 99 

[ S u r f a c e ]
 5000          rpp  -4.6480000E-02  3.2540000E-01 -4.6480000E-02
                     3.2540000E-01 -1.5000000E-01  1.5000000E-01
 99            so    5.0000000E+02
 97            rpp  -4.6470000E-02  4.7554150E+01 -4.6470000E-02
                     4.7554150E+01 -1.4999000E-01  1.6349990E+01
 98        500 rpp  -4.6470000E-02  4.7554150E+01 -4.6470000E-02
                     4.7554150E+01 -1.4999000E-01  1.6349990E+01

[ T r a n s f o r m ]
tr400         -4.6480000E-02 -1.5032420E+01  9.0000000E-01
               1.0000000E+00  0.0000000E+00  0.0000000E+00
               0.0000000E+00  0.0000000E+00 -1.0000000E+00
               0.0000000E+00  1.0000000E+00  0.0000000E+00    1
tr500         -2.3800000E+01 -1.4800000E+01 -7.2000000E+00
               1.0000000E+00  0.0000000E+00  0.0000000E+00
               0.0000000E+00  1.0000000E+00  0.0000000E+00
               0.0000000E+00  0.0000000E+00  1.0000000E+00    1

[ Mat Name Color ]
   mat name     size      color   # HSB color value
     0 void     1.00  lightgray   # { -0.800  1.000  1.000 }
  5001    1     1.00     -0.000   # {  0.000  1.000  1.000 }
  5002    2     1.00     -0.500   # { -0.500  1.000  1.000 }
  5003    3     1.00     -1.000   # { -1.000  1.000  1.000 }

[ T - S t a r ]
    title = star in xyz mesh
     mesh =  xyz            # mesh type is xyz scoring mesh
   x-type =    2            # x-mesh is linear given by xmin, xmax and nx
     xmin =  -23.84648      # minimum value of x-mesh points
     xmax =   23.75352      # maximum value of x-mesh points
#    xdel =  0.3718750      # mesh width of x-mesh points
       nx =  128            # number of x-mesh points
#    data = ( x(i), i = 1, nx + 1 )
#          -2.38465E+01 -2.34746E+01 -2.31027E+01 -2.27309E+01 -2.23590E+01
#          -2.19871E+01 -2.16152E+01 -2.12434E+01 -2.08715E+01 -2.04996E+01
#          -2.01277E+01 -1.97559E+01 -1.93840E+01 -1.90121E+01 -1.86402E+01
#          -1.82684E+01 -1.78965E+01 -1.75246E+01 -1.71527E+01 -1.67809E+01
#          -1.64090E+01 -1.60371E+01 -1.56652E+01 -1.52934E+01 -1.49215E+01
#          -1.45496E+01 -1.41777E+01 -1.38059E+01 -1.34340E+01 -1.30621E+01
#          -1.26902E+01 -1.23184E+01 -1.19465E+01 -1.15746E+01 -1.12027E+01
#          -1.08309E+01 -1.04590E+01 -1.00871E+01 -9.71523E+00 -9.34335E+00
#          -8.97148E+00 -8.59960E+00 -8.22773E+00 -7.85586E+00 -7.48398E+00
#          -7.11210E+00 -6.74023E+00 -6.36835E+00 -5.99648E+00 -5.62460E+00
#          -5.25273E+00 -4.88086E+00 -4.50898E+00 -4.13710E+00 -3.76523E+00
#          -3.39335E+00 -3.02148E+00 -2.64960E+00 -2.27773E+00 -1.90585E+00
#          -1.53398E+00 -1.16211E+00 -7.90230E-01 -4.18355E-01 -4.64800E-02
#           3.25395E-01  6.97270E-01  1.06915E+00  1.44102E+00  1.81290E+00
#           2.18477E+00  2.55664E+00  2.92852E+00  3.30040E+00  3.67227E+00
#           4.04415E+00  4.41602E+00  4.78790E+00  5.15977E+00  5.53165E+00
#           5.90352E+00  6.27539E+00  6.64727E+00  7.01915E+00  7.39102E+00
#           7.76290E+00  8.13477E+00  8.50664E+00  8.87852E+00  9.25040E+00
#           9.62227E+00  9.99415E+00  1.03660E+01  1.07379E+01  1.11098E+01
#           1.14816E+01  1.18535E+01  1.22254E+01  1.25973E+01  1.29691E+01
#           1.33410E+01  1.37129E+01  1.40848E+01  1.44566E+01  1.48285E+01
#           1.52004E+01  1.55723E+01  1.59441E+01  1.63160E+01  1.66879E+01
#           1.70598E+01  1.74316E+01  1.78035E+01  1.81754E+01  1.85473E+01
#           1.89191E+01  1.92910E+01  1.96629E+01  2.00348E+01  2.04066E+01
#           2.07785E+01  2.11504E+01  2.15223E+01  2.18941E+01  2.22660E+01
#           2.26379E+01  2.30098E+01  2.33816E+01  2.37535E+01
   y-type =    2            # y-mesh is linear given by ymin, ymax and ny
     ymin =  -14.84648      # minimum value of y-mesh points
     ymax =   32.75352      # maximum value of y-mesh points
#    ydel =  0.3718750      # mesh width of y-mesh points
       ny =  128            # number of y-mesh points
#    data = ( y(i), i = 1, ny + 1 )
#          -1.48465E+01 -1.44746E+01 -1.41027E+01 -1.37309E+01 -1.33590E+01
#          -1.29871E+01 -1.26152E+01 -1.22434E+01 -1.18715E+01 -1.14996E+01
#          -1.11277E+01 -1.07559E+01 -1.03840E+01 -1.00121E+01 -9.64023E+00
#          -9.26835E+00 -8.89648E+00 -8.52460E+00 -8.15273E+00 -7.78085E+00
#          -7.40898E+00 -7.03710E+00 -6.66523E+00 -6.29336E+00 -5.92148E+00
#          -5.54960E+00 -5.17773E+00 -4.80585E+00 -4.43398E+00 -4.06210E+00
#          -3.69023E+00 -3.31835E+00 -2.94648E+00 -2.57461E+00 -2.20273E+00
#          -1.83085E+00 -1.45898E+00 -1.08710E+00 -7.15230E-01 -3.43355E-01
#           2.85200E-02  4.00395E-01  7.72270E-01  1.14414E+00  1.51602E+00
#           1.88790E+00  2.25977E+00  2.63165E+00  3.00352E+00  3.37540E+00
#           3.74727E+00  4.11914E+00  4.49102E+00  4.86290E+00  5.23477E+00
#           5.60665E+00  5.97852E+00  6.35040E+00  6.72227E+00  7.09415E+00
#           7.46602E+00  7.83789E+00  8.20977E+00  8.58165E+00  8.95352E+00
#           9.32540E+00  9.69727E+00  1.00691E+01  1.04410E+01  1.08129E+01
#           1.11848E+01  1.15566E+01  1.19285E+01  1.23004E+01  1.26723E+01
#           1.30441E+01  1.34160E+01  1.37879E+01  1.41598E+01  1.45316E+01
#           1.49035E+01  1.52754E+01  1.56473E+01  1.60191E+01  1.63910E+01
#           1.67629E+01  1.71348E+01  1.75066E+01  1.78785E+01  1.82504E+01
#           1.86223E+01  1.89941E+01  1.93660E+01  1.97379E+01  2.01098E+01
#           2.04816E+01  2.08535E+01  2.12254E+01  2.15973E+01  2.19691E+01
#           2.23410E+01  2.27129E+01  2.30848E+01  2.34566E+01  2.38285E+01
#           2.42004E+01  2.45723E+01  2.49441E+01  2.53160E+01  2.56879E+01
#           2.60598E+01  2.64316E+01  2.68035E+01  2.71754E+01  2.75473E+01
#           2.79191E+01  2.82910E+01  2.86629E+01  2.90348E+01  2.94066E+01
#           2.97785E+01  3.01504E+01  3.05223E+01  3.08941E+01  3.12660E+01
#           3.16379E+01  3.20098E+01  3.23816E+01  3.27535E+01
   z-type =    2            # z-mesh is linear given by zmin, zmax and nz
     zmin =  -7.350000      # minimum value of z-mesh points
     zmax =   9.150000      # maximum value of z-mesh points
#    zdel =  0.3000000      # mesh width of z-mesh points
       nz =   55            # number of z-mesh points
#    data = ( z(i), i = 1, nz + 1 )
#          -7.35000E+00 -7.05000E+00 -6.75000E+00 -6.45000E+00 -6.15000E+00
#          -5.85000E+00 -5.55000E+00 -5.25000E+00 -4.95000E+00 -4.65000E+00
#          -4.35000E+00 -4.05000E+00 -3.75000E+00 -3.45000E+00 -3.15000E+00
#          -2.85000E+00 -2.55000E+00 -2.25000E+00 -1.95000E+00 -1.65000E+00
#          -1.35000E+00 -1.05000E+00 -7.50000E-01 -4.50000E-01 -1.50000E-01
#           1.50000E-01  4.50000E-01  7.50000E-01  1.05000E+00  1.35000E+00
#           1.65000E+00  1.95000E+00  2.25000E+00  2.55000E+00  2.85000E+00
#           3.15000E+00  3.45000E+00  3.75000E+00  4.05000E+00  4.35000E+00
#           4.65000E+00  4.95000E+00  5.25000E+00  5.55000E+00  5.85000E+00
#           6.15000E+00  6.45000E+00  6.75000E+00  7.05000E+00  7.35000E+00
#           7.65000E+00  7.95000E+00  8.25000E+00  8.55000E+00  8.85000E+00
#           9.15000E+00
   e-type =    2            # e-mesh is linear given by emin, emax and ne
     emin =   0.000000      # minimum value of e-mesh points
     emax =   10.00000      # maximum value of e-mesh points
#    edel =   10.00000      # mesh width of e-mesh points
       ne =    1            # number of e-mesh points
#    data = ( e(i), i = 1, ne + 1 )
#           0.00000E+00  1.00000E+01
 material =  all            # (D=all) number of specific material
   mother =    1            # (D=all) number of specific mother
            10B     
     unit =    1            # unit is [1/cm^3/source]
  2D-type =    3            # 1:Cont, 2:Clust, 3:Color, 4:xyz, 5:mat, 6:Clust+Cont, 7:Col+Cont
     axis =   xy            # axis of output
     file = Boron_nuc_depth.out  # file name of output for the above axis
   output = nuclear         # (D=nuclear) star density of nuclear reaction
     part =  neutron  
# kf/name :  2112     
#    used :        main (  %)        temp (  %)       total (  %)
#  memory :         319 (  0)           0 (  0)         319 (  0)

[ T - S t a r ]
    title = star in xyz mesh
     mesh =  xyz            # mesh type is xyz scoring mesh
   x-type =    2            # x-mesh is linear given by xmin, xmax and nx
     xmin =  -23.84648      # minimum value of x-mesh points
     xmax =   23.75352      # maximum value of x-mesh points
#    xdel =  0.3718750      # mesh width of x-mesh points
       nx =  128            # number of x-mesh points
#    data = ( x(i), i = 1, nx + 1 )
#          -2.38465E+01 -2.34746E+01 -2.31027E+01 -2.27309E+01 -2.23590E+01
#          -2.19871E+01 -2.16152E+01 -2.12434E+01 -2.08715E+01 -2.04996E+01
#          -2.01277E+01 -1.97559E+01 -1.93840E+01 -1.90121E+01 -1.86402E+01
#          -1.82684E+01 -1.78965E+01 -1.75246E+01 -1.71527E+01 -1.67809E+01
#          -1.64090E+01 -1.60371E+01 -1.56652E+01 -1.52934E+01 -1.49215E+01
#          -1.45496E+01 -1.41777E+01 -1.38059E+01 -1.34340E+01 -1.30621E+01
#          -1.26902E+01 -1.23184E+01 -1.19465E+01 -1.15746E+01 -1.12027E+01
#          -1.08309E+01 -1.04590E+01 -1.00871E+01 -9.71523E+00 -9.34335E+00
#          -8.97148E+00 -8.59960E+00 -8.22773E+00 -7.85586E+00 -7.48398E+00
#          -7.11210E+00 -6.74023E+00 -6.36835E+00 -5.99648E+00 -5.62460E+00
#          -5.25273E+00 -4.88086E+00 -4.50898E+00 -4.13710E+00 -3.76523E+00
#          -3.39335E+00 -3.02148E+00 -2.64960E+00 -2.27773E+00 -1.90585E+00
#          -1.53398E+00 -1.16211E+00 -7.90230E-01 -4.18355E-01 -4.64800E-02
#           3.25395E-01  6.97270E-01  1.06915E+00  1.44102E+00  1.81290E+00
#           2.18477E+00  2.55664E+00  2.92852E+00  3.30040E+00  3.67227E+00
#           4.04415E+00  4.41602E+00  4.78790E+00  5.15977E+00  5.53165E+00
#           5.90352E+00  6.27539E+00  6.64727E+00  7.01915E+00  7.39102E+00
#           7.76290E+00  8.13477E+00  8.50664E+00  8.87852E+00  9.25040E+00
#           9.62227E+00  9.99415E+00  1.03660E+01  1.07379E+01  1.11098E+01
#           1.14816E+01  1.18535E+01  1.22254E+01  1.25973E+01  1.29691E+01
#           1.33410E+01  1.37129E+01  1.40848E+01  1.44566E+01  1.48285E+01
#           1.52004E+01  1.55723E+01  1.59441E+01  1.63160E+01  1.66879E+01
#           1.70598E+01  1.74316E+01  1.78035E+01  1.81754E+01  1.85473E+01
#           1.89191E+01  1.92910E+01  1.96629E+01  2.00348E+01  2.04066E+01
#           2.07785E+01  2.11504E+01  2.15223E+01  2.18941E+01  2.22660E+01
#           2.26379E+01  2.30098E+01  2.33816E+01  2.37535E+01
   y-type =    2            # y-mesh is linear given by ymin, ymax and ny
     ymin =  -14.84648      # minimum value of y-mesh points
     ymax =   32.75352      # maximum value of y-mesh points
#    ydel =  0.3718750      # mesh width of y-mesh points
       ny =  128            # number of y-mesh points
#    data = ( y(i), i = 1, ny + 1 )
#          -1.48465E+01 -1.44746E+01 -1.41027E+01 -1.37309E+01 -1.33590E+01
#          -1.29871E+01 -1.26152E+01 -1.22434E+01 -1.18715E+01 -1.14996E+01
#          -1.11277E+01 -1.07559E+01 -1.03840E+01 -1.00121E+01 -9.64023E+00
#          -9.26835E+00 -8.89648E+00 -8.52460E+00 -8.15273E+00 -7.78085E+00
#          -7.40898E+00 -7.03710E+00 -6.66523E+00 -6.29336E+00 -5.92148E+00
#          -5.54960E+00 -5.17773E+00 -4.80585E+00 -4.43398E+00 -4.06210E+00
#          -3.69023E+00 -3.31835E+00 -2.94648E+00 -2.57461E+00 -2.20273E+00
#          -1.83085E+00 -1.45898E+00 -1.08710E+00 -7.15230E-01 -3.43355E-01
#           2.85200E-02  4.00395E-01  7.72270E-01  1.14414E+00  1.51602E+00
#           1.88790E+00  2.25977E+00  2.63165E+00  3.00352E+00  3.37540E+00
#           3.74727E+00  4.11914E+00  4.49102E+00  4.86290E+00  5.23477E+00
#           5.60665E+00  5.97852E+00  6.35040E+00  6.72227E+00  7.09415E+00
#           7.46602E+00  7.83789E+00  8.20977E+00  8.58165E+00  8.95352E+00
#           9.32540E+00  9.69727E+00  1.00691E+01  1.04410E+01  1.08129E+01
#           1.11848E+01  1.15566E+01  1.19285E+01  1.23004E+01  1.26723E+01
#           1.30441E+01  1.34160E+01  1.37879E+01  1.41598E+01  1.45316E+01
#           1.49035E+01  1.52754E+01  1.56473E+01  1.60191E+01  1.63910E+01
#           1.67629E+01  1.71348E+01  1.75066E+01  1.78785E+01  1.82504E+01
#           1.86223E+01  1.89941E+01  1.93660E+01  1.97379E+01  2.01098E+01
#           2.04816E+01  2.08535E+01  2.12254E+01  2.15973E+01  2.19691E+01
#           2.23410E+01  2.27129E+01  2.30848E+01  2.34566E+01  2.38285E+01
#           2.42004E+01  2.45723E+01  2.49441E+01  2.53160E+01  2.56879E+01
#           2.60598E+01  2.64316E+01  2.68035E+01  2.71754E+01  2.75473E+01
#           2.79191E+01  2.82910E+01  2.86629E+01  2.90348E+01  2.94066E+01
#           2.97785E+01  3.01504E+01  3.05223E+01  3.08941E+01  3.12660E+01
#           3.16379E+01  3.20098E+01  3.23816E+01  3.27535E+01
   z-type =    2            # z-mesh is linear given by zmin, zmax and nz
     zmin =  -7.350000      # minimum value of z-mesh points
     zmax =   9.150000      # maximum value of z-mesh points
#    zdel =  0.3000000      # mesh width of z-mesh points
       nz =   55            # number of z-mesh points
#    data = ( z(i), i = 1, nz + 1 )
#          -7.35000E+00 -7.05000E+00 -6.75000E+00 -6.45000E+00 -6.15000E+00
#          -5.85000E+00 -5.55000E+00 -5.25000E+00 -4.95000E+00 -4.65000E+00
#          -4.35000E+00 -4.05000E+00 -3.75000E+00 -3.45000E+00 -3.15000E+00
#          -2.85000E+00 -2.55000E+00 -2.25000E+00 -1.95000E+00 -1.65000E+00
#          -1.35000E+00 -1.05000E+00 -7.50000E-01 -4.50000E-01 -1.50000E-01
#           1.50000E-01  4.50000E-01  7.50000E-01  1.05000E+00  1.35000E+00
#           1.65000E+00  1.95000E+00  2.25000E+00  2.55000E+00  2.85000E+00
#           3.15000E+00  3.45000E+00  3.75000E+00  4.05000E+00  4.35000E+00
#           4.65000E+00  4.95000E+00  5.25000E+00  5.55000E+00  5.85000E+00
#           6.15000E+00  6.45000E+00  6.75000E+00  7.05000E+00  7.35000E+00
#           7.65000E+00  7.95000E+00  8.25000E+00  8.55000E+00  8.85000E+00
#           9.15000E+00
   e-type =    2            # e-mesh is linear given by emin, emax and ne
     emin =   0.000000      # minimum value of e-mesh points
     emax =   10.00000      # maximum value of e-mesh points
#    edel =   10.00000      # mesh width of e-mesh points
       ne =    1            # number of e-mesh points
#    data = ( e(i), i = 1, ne + 1 )
#           0.00000E+00  1.00000E+01
 material =  all            # (D=all) number of specific material
   mother =    1            # (D=all) number of specific mother
            14N     
     unit =    1            # unit is [1/cm^3/source]
  2D-type =    3            # 1:Cont, 2:Clust, 3:Color, 4:xyz, 5:mat, 6:Clust+Cont, 7:Col+Cont
     axis =   xy            # axis of output
     file = Nitrogen_nuc_depth.out  # file name of output for the above axis
   output = nuclear         # (D=nuclear) star density of nuclear reaction
     part =  neutron  
# kf/name :  2112     
#    used :        main (  %)        temp (  %)       total (  %)
#  memory :         319 (  0)           0 (  0)         319 (  0)

[END] of Input Echo <<<========================================================

<<< Report of real Geometry memory >>>
*           GG/CG memory =  2253191
*     total memory: mdas =500000000
*                percent =     0.45 %

<<< Report of material memory for high energy>>>
*   high energy material =     1451
*     total memory: mdas =500000000
*                percent =     0.00 %

<<< Report of material memory for low energy>>>
*    low energy material =  2061905
*     total memory: mdas =500000000
*                percent =     0.41 %

<<< Report of real tally memory >>>
*      real tally memory =      638
*     total memory: mdas =500000000
*                percent =     0.00 %

<<< Report of temporary tally memory >>>
* temporary tally memory =  4315945
*     total memory: mdas =500000000
*                percent =     0.86 %

<<< Report of other memory >>>
*           other memory =     3761
*     total memory: mdas =500000000
*                percent =     0.00 %

<<< Report of total memory >>>
*      used total memory =  4320946
*     total memory: mdas =500000000
*                percent =     0.86 %
*                ---------------------

-------------------------------------------------------------------------------
bat[       1] ncas =        4000000. : rijk    = 280032967934489. : pe[    1 ]
       low neutron =        4000000. : ncall/s =  3.411511372E+02
          cpu time =   1 h. 45 m. 45.26 s.

-------------------------------------------------------------------------------
bat[       2] ncas =        8000000. : rijk    =  92971487725081. : pe[    2 ]
       low neutron =        4000000. : ncall/s =  3.509738000E+02
          cpu time =   1 h. 44 m. 22.36 s.

-------------------------------------------------------------------------------
bat[       3] ncas =       12000000. : rijk    =  99382187510297. : pe[    3 ]
       low neutron =        4000000. : ncall/s =  3.456351017E+02
          cpu time =   1 h. 46 m. 29.71 s.

-------------------------------------------------------------------------------
bat[       4] ncas =       16000000. : rijk    = 115475900501529. : pe[    4 ]
       low neutron =        4000000. : ncall/s =  3.415941343E+02
          cpu time =   1 h. 43 m. 40.74 s.

-------------------------------------------------------------------------------
bat[       5] ncas =       20000000. : rijk    = 231241855226393. : pe[    5 ]
       low neutron =        4000000. : ncall/s =  3.271290123E+02
          cpu time =   1 h. 44 m. 28.09 s.

-------------------------------------------------------------------------------
bat[       6] ncas =       24000000. : rijk    = 247497722107417. : pe[    6 ]
       low neutron =        4000000. : ncall/s =  3.571138037E+02
          cpu time =   1 h. 43 m.  6.40 s.

-------------------------------------------------------------------------------
bat[       7] ncas =       28000000. : rijk    = 238839566883353. : pe[    7 ]
       low neutron =        4000000. : ncall/s =  3.481845318E+02
          cpu time =   1 h. 46 m.  6.00 s.

-------------------------------------------------------------------------------
bat[       8] ncas =       32000000. : rijk    = 272166873898521. : pe[    8 ]
       low neutron =        4000000. : ncall/s =  3.534027737E+02
          cpu time =   1 h. 43 m. 21.00 s.

-------------------------------------------------------------------------------
bat[       9] ncas =       36000000. : rijk    = 125207569392153. : pe[    9 ]
       low neutron =        4000000. : ncall/s =  3.372620723E+02
          cpu time =   1 h. 44 m.  4.00 s.

-------------------------------------------------------------------------------
bat[      10] ncas =       40000000. : rijk    = 130942951630361. : pe[   10 ]
       low neutron =        4000000. : ncall/s =  3.367533887E+02
          cpu time =   2 h.  0 m. 26.02 s.

-------------------------------------------------------------------------------
bat[      11] ncas =       44000000. : rijk    =  51707784063513. : pe[   11 ]
       low neutron =        4000000. : ncall/s =  3.401200505E+02
          cpu time =   1 h. 59 m. 40.75 s.

-------------------------------------------------------------------------------
bat[      12] ncas =       48000000. : rijk    = 205090202168857. : pe[   12 ]
       low neutron =        4000000. : ncall/s =  3.217803832E+02
          cpu time =   2 h.  1 m. 15.82 s.

-------------------------------------------------------------------------------
bat[      13] ncas =       52000000. : rijk    =  56556829897241. : pe[   13 ]
       low neutron =        4000000. : ncall/s =  3.439487610E+02
          cpu time =   2 h.  0 m. 15.49 s.

-------------------------------------------------------------------------------
bat[      14] ncas =       56000000. : rijk    = 189777616647705. : pe[   14 ]
       low neutron =        4000000. : ncall/s =  3.411871300E+02
          cpu time =   1 h. 59 m. 58.97 s.

-------------------------------------------------------------------------------
bat[      15] ncas =       60000000. : rijk    =  54826023582233. : pe[   15 ]
       low neutron =        4000000. : ncall/s =  3.457997368E+02
          cpu time =   2 h.  3 m. 52.34 s.

-------------------------------------------------------------------------------
bat[      16] ncas =       64000000. : rijk    = 219978837311001. : pe[   16 ]
       low neutron =        4000000. : ncall/s =  3.392935632E+02
          cpu time =   2 h.  0 m.  0.20 s.

-------------------------------------------------------------------------------
bat[      17] ncas =       68000000. : rijk    = 119916356207129. : pe[   17 ]
       low neutron =        4000000. : ncall/s =  3.360909145E+02
          cpu time =   1 h. 59 m.  5.12 s.

-------------------------------------------------------------------------------
bat[      18] ncas =       72000000. : rijk    =  26047227381273. : pe[   18 ]
       low neutron =        4000000. : ncall/s =  3.651656935E+02
          cpu time =   2 h.  3 m. 21.17 s.

-------------------------------------------------------------------------------
bat[      19] ncas =       76000000. : rijk    = 202083516549657. : pe[   19 ]
       low neutron =        4000000. : ncall/s =  3.557576067E+02
          cpu time =   2 h.  1 m. 31.78 s.

-------------------------------------------------------------------------------
bat[      20] ncas =       80000000. : rijk    =  59615777902105. : pe[   20 ]
       low neutron =        4000000. : ncall/s =  3.543580783E+02
          cpu time =   2 h.  0 m. 52.61 s.

-------------------------------------------------------------------------------
bat[      21] ncas =       84000000. : rijk    = 128437891076633. : pe[   21 ]
       low neutron =        4000000. : ncall/s =  3.457881167E+02
          cpu time =   2 h.  1 m. 58.18 s.

-------------------------------------------------------------------------------
bat[      22] ncas =       88000000. : rijk    =  86222224184857. : pe[   22 ]
       low neutron =        4000000. : ncall/s =  3.429614133E+02
          cpu time =   2 h.  0 m. 19.44 s.

-------------------------------------------------------------------------------
bat[      23] ncas =       92000000. : rijk    = 165894517365273. : pe[   23 ]
       low neutron =        4000000. : ncall/s =  3.761481567E+02
          cpu time =   2 h.  0 m. 34.92 s.

-------------------------------------------------------------------------------
bat[      24] ncas =       96000000. : rijk    =  29733975940633. : pe[   24 ]
       low neutron =        4000000. : ncall/s =  3.533222840E+02
          cpu time =   2 h.  0 m. 12.34 s.

-------------------------------------------------------------------------------
bat[      25] ncas =      100000000. : rijk    = 176748153971225. : pe[   25 ]
       low neutron =        4000000. : ncall/s =  3.551460955E+02
          cpu time =   2 h.  3 m.  6.76 s.

-------------------------------------------------------------------------------
bat[      26] ncas =      104000000. : rijk    = 253823093990937. : pe[   26 ]
       low neutron =        4000000. : ncall/s =  3.431554173E+02
          cpu time =   2 h.  0 m. 17.55 s.

-------------------------------------------------------------------------------
bat[      27] ncas =      108000000. : rijk    = 181623233849881. : pe[   27 ]
       low neutron =        4000000. : ncall/s =  3.279679945E+02
          cpu time =   2 h.  0 m. 18.40 s.

-------------------------------------------------------------------------------
bat[      28] ncas =      112000000. : rijk    = 154591406714393. : pe[   28 ]
       low neutron =        4000000. : ncall/s =  3.400841013E+02
          cpu time =   2 h.  0 m. 25.61 s.

-------------------------------------------------------------------------------
bat[      29] ncas =      116000000. : rijk    =  77998887645721. : pe[   29 ]
       low neutron =        4000000. : ncall/s =  3.410967450E+02
          cpu time =   1 h. 59 m.  6.94 s.

-------------------------------------------------------------------------------
bat[      30] ncas =      120000000. : rijk    = 130895347021337. : pe[   30 ]
       low neutron =        4000000. : ncall/s =  3.635766960E+02
          cpu time =   1 h. 59 m. 38.73 s.

-------------------------------------------------------------------------------
bat[      31] ncas =      124000000. : rijk    = 203158897113625. : pe[   31 ]
       low neutron =        4000000. : ncall/s =  3.392642652E+02
          cpu time =   2 h.  0 m. 32.56 s.

-------------------------------------------------------------------------------
bat[      32] ncas =      128000000. : rijk    = 176971068800537. : pe[   32 ]
       low neutron =        4000000. : ncall/s =  3.504401128E+02
          cpu time =   2 h.  2 m. 28.14 s.

-------------------------------------------------------------------------------
bat[      33] ncas =      132000000. : rijk    = 208291788276249. : pe[   33 ]
       low neutron =        4000000. : ncall/s =  3.464092122E+02
          cpu time =   2 h.  0 m. 42.95 s.

-------------------------------------------------------------------------------
bat[      34] ncas =      136000000. : rijk    = 163909423629849. : pe[   34 ]
       low neutron =        4000000. : ncall/s =  3.427548375E+02
          cpu time =   2 h.  1 m. 32.81 s.

-------------------------------------------------------------------------------
bat[      35] ncas =      140000000. : rijk    = 184390738266649. : pe[   35 ]
       low neutron =        4000000. : ncall/s =  3.504563750E+02
          cpu time =   2 h.  0 m. 50.27 s.

-------------------------------------------------------------------------------
bat[      36] ncas =      144000000. : rijk    = 121130937486873. : pe[   36 ]
       low neutron =        4000000. : ncall/s =  3.311952485E+02
          cpu time =   2 h.  1 m. 46.62 s.

-------------------------------------------------------------------------------
bat[      37] ncas =      148000000. : rijk    =  99303621906969. : pe[   37 ]
       low neutron =        4000000. : ncall/s =  3.590471278E+02
          cpu time =   2 h.  0 m. 17.98 s.

-------------------------------------------------------------------------------
bat[      38] ncas =      152000000. : rijk    = 236385810748953. : pe[   38 ]
       low neutron =        4000000. : ncall/s =  3.576225630E+02
          cpu time =   1 h. 59 m. 57.07 s.

-------------------------------------------------------------------------------
bat[      39] ncas =      156000000. : rijk    =  79207988419097. : pe[   39 ]
       low neutron =        4000000. : ncall/s =  3.378620775E+02
          cpu time =   2 h.  1 m. 26.34 s.

-------------------------------------------------------------------------------
bat[      40] ncas =      160000000. : rijk    =  11328988061209. : pe[   40 ]
       low neutron =        4000000. : ncall/s =  3.413842052E+02
          cpu time =   2 h.  1 m. 41.45 s.

-------------------------------------------------------------------------------
bat[      41] ncas =      164000000. : rijk    = 127136084714009. : pe[   41 ]
       low neutron =        4000000. : ncall/s =  3.340485733E+02
          cpu time =   2 h.  0 m. 15.63 s.

-------------------------------------------------------------------------------
bat[      42] ncas =      168000000. : rijk    = 231844995311129. : pe[   42 ]
       low neutron =        4000000. : ncall/s =  3.604313955E+02
          cpu time =   1 h. 59 m. 30.21 s.

-------------------------------------------------------------------------------
bat[      43] ncas =      172000000. : rijk    = 122974855391769. : pe[   43 ]
       low neutron =        4000000. : ncall/s =  3.595252115E+02
          cpu time =   2 h.  2 m. 10.83 s.

-------------------------------------------------------------------------------
bat[      44] ncas =      176000000. : rijk    = 153298172522009. : pe[   44 ]
       low neutron =        4000000. : ncall/s =  3.530760717E+02
          cpu time =   2 h.  0 m.  5.53 s.

-------------------------------------------------------------------------------
bat[      45] ncas =      180000000. : rijk    = 104940919452185. : pe[   45 ]
       low neutron =        4000000. : ncall/s =  3.360846755E+02
          cpu time =   2 h.  1 m. 12.88 s.

-------------------------------------------------------------------------------
bat[      46] ncas =      184000000. : rijk    =  33807464248857. : pe[   46 ]
       low neutron =        4000000. : ncall/s =  3.442458855E+02
          cpu time =   1 h. 59 m. 38.30 s.

-------------------------------------------------------------------------------
bat[      47] ncas =      188000000. : rijk    = 269580570294809. : pe[   47 ]
       low neutron =        4000000. : ncall/s =  3.543143300E+02
          cpu time =   2 h.  0 m. 39.95 s.

-------------------------------------------------------------------------------
bat[      48] ncas =      192000000. : rijk    =   8346512735769. : pe[   48 ]
       low neutron =        4000000. : ncall/s =  3.719731698E+02
          cpu time =   1 h. 59 m. 37.36 s.

-------------------------------------------------------------------------------
bat[      49] ncas =      196000000. : rijk    = 127344845586969. : pe[   49 ]
       low neutron =        4000000. : ncall/s =  3.575432427E+02
          cpu time =   2 h.  5 m.  9.90 s.

===============================================================================

 Summary for the end of job

-------------------------------------------------------------------------------
 number of analyz call vs ncol
-------------------------------------------------------------------------------
     ncol          number
        1             49.   : start of calculation            
        2             49.   : end of calculation              
        3             49.   : end of a batch                  
        4      196000000.   : source                          
        5              0.   : detection of geometry error/warn
        6              0.   : recovery from geometry warning  
        7              0.   : termination by geometry error   
        8              0.   : termination by weight cut-off   
        9              0.   : termination by time cut-off     
       10    24479314794.   : geometry boundary crossing      
       11         785594.   : termination by energy cut-off   
       12      202446705.   : termination by escape or leakage
       13     4634697644.   : reaction : (n,x) type           
       14   151926480575.   : reaction : (n,n'x) type         
       15              1.   : sequential transport for tally  

-------------------------------------------------------------------------------
 List of transport particles
-------------------------------------------------------------------------------
     Name      kf-code        mass       charge   baryon
     proton       2212        938.3         1       1
     neutron      2112        939.6         0       1
     electron       11          0.5        -1       0
     positron      -11          0.5         1       0
     photon         22          0.0         0       0
     deuteron  1000002       1875.6         1       2
     alpha     2000004       3727.4         2       4


-------------------------------------------------------------------------------
 prod. particles       number        weight        weight per source
-------------------------------------------------------------------------------
     neutron      7729469175.     7.7294692E+09     3.9436067E+01
     proton       7107178720.     7.1071787E+09     3.6261116E+01
     electron     4547329558.     4.5473296E+09     2.3200661E+01
     photon        104640047.     1.0464005E+08     5.3387779E-01
     deuteron       61570171.     6.1570171E+07     3.1413353E-01
     alpha          10046128.     1.0046128E+07     5.1255755E-02
     positron         631631.     6.3163100E+05     3.2226071E-03
     other               207.     2.0700000E+02     1.0561224E-06

-------------------------------------------------------------------------------
 the other kind of produced particles
-------------------------------------------------------------------------------
     Name      kf-code        number     mass       charge   baryon
                     0           207       0.0         0       0

-------------------------------------------------------------------------------
 particle decays       number        weight        weight per source
-------------------------------------------------------------------------------
     neutron             207.     2.0700000E+02     1.0561224E-06

-------------------------------------------------------------------------------
 stop. particles.    number        weight        weight per source
-------------------------------------------------------------------------------
     proton       7107178720.     7.1071787E+09     3.6261116E+01
     electron     4546353162.     4.5463532E+09     2.3195679E+01
     nucleus       648684732.     6.4868473E+08     3.3096160E+00
     deuteron       61570171.     6.1570171E+07     3.1413353E-01
     alpha          10046128.     1.0046128E+07     5.1255755E-02
     photon          4941405.     4.9414050E+06     2.5211250E-02
     neutron          785500.     7.8550000E+05     4.0076531E-03
     positron         616874.     6.1687400E+05     3.1473163E-03
     other               207.     2.0700000E+02     1.0561224E-06

-------------------------------------------------------------------------------
 the other kind of stopped particles
-------------------------------------------------------------------------------
     Name      kf-code        number     mass       charge   baryon
                     0           207       0.0         0       0

-------------------------------------------------------------------------------
 leak. particles       number        weight        weight per source
-------------------------------------------------------------------------------
     neutron       112602146.     1.1260215E+08     5.7450074E-01
     photon         88838889.     8.8838889E+07     4.5325964E-01
     electron         990913.     9.9091300E+05     5.0556786E-03
     positron          14757.     1.4757000E+04     7.5290816E-05

-------------------------------------------------------------------------------
 source: maxcas    maxbch      irskip   average weight          total source
-------------------------------------------------------------------------------
     4000000          49           0    1.0000000E+00    1.9600000000000E+08

-------------------------------------------------------------------------------
 CG error summary
-------------------------------------------------------------------------------
 Number of lost particles     =     0 / nlost =      490
 Number of geometry recovering =     0
 Number of unrecovered errors =     0

-------------------------------------------------------------------------------
 This is restart calculation. Initial random seed is read from Boron_nuc_depth.out
      initial random seed = 280032967934489.0
 next initial random seed =  88743657915929.0

-------------------------------------------------------------------------------
 job termination date : 2020/04/29
                 time :   22:36:50

-------------------------------------------------------------------------------
    CPU time and number of event called in PHITS
-------------------------------------------------------------------------------

                             sec
total cpu time =       368419.38


                           count
      analysis =   181439725362.  : data processing
         nevap =       82612179.  : evaporation
        dexgam =       76609409.  : de-excitation
         nreac =   156561178219.  : atomic and nuclear reactions
         dklos =            207.  : particle decay
         hydro =              0.  : nucleon-nucleon scattering
        n-data =     7812081315.  : neutron data library
        h-data =              0.  : proton data library
        p-data =      194645588.  : photon data library
        e-data =   148554451084.  : electron data library
        p-egs5 =              0.  : photon interaction with EGS5
        e-egs5 =              0.  : electron interaction with EGS5
      e-tsmode =              0.  : electron track structure mode
     photonucl =             25.  : photo-nuclear reaction
       mu-reac =              0.  : muon-induced nuclear reaction
       mu-brem =              0.  : muon-induced bremsstrahlung
       mu-pprd =              0.  : muon-induced pair production
        mu-cap =              0.  : muon capture in nucleus
         elast =              0.  : elastic scattering
         ncasc =              0.  : nuclear reaction model

       bertini =              0.  : Bertini model
        isobar =              0.  : isobar model
           JAM =              0.  : JAM model
           QMD =              0.  : JQMD model
        JAMQMD =              0.  : JAMQMD model
          INCL =              0.  : INCL model
        INCELF =              0.  : INCELF model

>>> Citation Request >>>=======================================================

 This execution uses model(s) that must be explicitly cited in addition to
 the PHITS original document: T.Sato et al., J.Nucl.Sci.Technol.50, 913-923 (2013).
 Please refer the following document(s) in your publication using this result

 The KUROTAMA model:
    K. Iida, A. Kohama, and K. Oyamatsu, J. Phys. Soc. Japan 76, 044201 (2007).

-------------------------------------------------------------------------------
 Final Parallel Status: 0-> normal, 1-> abnormal stop
-------------------------------------------------------------------------------
 ip  status
    1    0
    2    0
    3    0
    4    0
    5    0
    6    0
    7    0
    8    0
    9    0
   10    0
   11    0
   12    0
   13    0
   14    0
   15    0
   16    0
   17    0
   18    0
   19    0
   20    0
   21    0
   22    0
   23    0
   24    0
   25    0
   26    0
   27    0
   28    0
   29    0
   30    0
   31    0
   32    0
   33    0
   34    0
   35    0
   36    0
   37    0
   38    0
   39    0
   40    0
   41    0
   42    0
   43    0
   44    0
   45    0
   46    0
   47    0
   48    0
   49    0

 total executable PE =           49
 elapse time of root =      7517.83
 average of cpu time =      7518.76
 sum of elapse time  =    368350.07
 sum of cpu time     =    368419.38
 accel: ela-all/ela0 =        49.00
 accel: cpu-all/ela0 =        49.01
 acceleration rate   =       1.0001

 END 
